[INFO] Scanning for projects...
[INFO] 
[INFO] -------------------< com.astik:notification-service >-------------------
[INFO] Building notification-service 0.0.1-SNAPSHOT
[INFO]   from pom.xml
[INFO] --------------------------------[ jar ]---------------------------------
[WARNING] The POM for org.springframework.boot:spring-boot-starter-aop:jar:4.0.3 is missing, no dependency information available
[INFO] ------------------------------------------------------------------------
[INFO] BUILD FAILURE
[INFO] ------------------------------------------------------------------------
[INFO] Total time:  2.561 s
[INFO] Finished at: 2026-04-04T10:06:21+05:30
[INFO] ------------------------------------------------------------------------
[ERROR] Failed to execute goal on project notification-service: Could not resolve dependencies for project com.astik:notification-service:jar:0.0.1-SNAPSHOT
[ERROR] dependency: org.springframework.boot:spring-boot-starter-aop:jar:4.0.3 (compile)
[ERROR] 	org.springframework.boot:spring-boot-starter-aop:jar:4.0.3 was not found in https://repo.maven.apache.org/maven2 during a previous attempt. This failure was cached in the local repository and resolution is not reattempted until the update interval of central has elapsed or updates are forced
[ERROR] -> [Help 1]
[ERROR] 
[ERROR] To see the full stack trace of the errors, re-run Maven with the -e switch.
[ERROR] Re-run Maven using the -X switch to enable full debug logging.
[ERROR] 
[ERROR] For more information about the errors and possible solutions, please read the following articles:
[ERROR] [Help 1] http://cwiki.apache.org/confluence/display/MAVEN/DependencyResolutionException
